DEBUG:root:57
INFO:root:-33
WARNING:root:540
CRITICAL:root:0.26666666666666666
DEBUG:parso.cache:pickle loaded: C:\Users\yash mohite\AppData\Local\Programs\Python\Python310\lib\logging\__init__.py
DEBUG:parso.cache:pickle loaded: C:\Users\yash mohite\AppData\Local\Programs\Python\Python310\lib\site-packages\jedi\third_party\typeshed\stdlib\2and3\logging\__init__.pyi
DEBUG:parso.cache:pickle loaded: C:\Users\yash mohite\AppData\Local\Programs\Python\Python310\lib\site-packages\jedi\third_party\typeshed\stdlib\3\builtins.pyi
DEBUG:parso.cache:pickle loaded: C:\Users\yash mohite\AppData\Local\Programs\Python\Python310\lib\site-packages\jedi\third_party\typeshed\stdlib\3\sys.pyi
DEBUG:parso.python.diff:diff parser start
DEBUG:parso.python.diff:line_lengths old: 3; new: 5
DEBUG:parso.python.diff:-> code[replace] old[1:3] new[1:5]
DEBUG:parso.python.diff:parse_part from 1 to 5 (to 4 in part parser)
DEBUG:parso.python.diff:diff parser end
DEBUG:parso.python.diff:diff parser start
DEBUG:parso.python.diff:line_lengths old: 5; new: 5
DEBUG:parso.python.diff:-> code[equal] old[1:4] new[1:4]
DEBUG:parso.python.diff:parse_part from 1 to 5 (to 4 in part parser)
DEBUG:parso.python.diff:-> code[replace] old[5:5] new[5:5]
DEBUG:parso.python.diff:diff parser end
DEBUG:parso.python.diff:diff parser start
DEBUG:parso.python.diff:line_lengths old: 5; new: 7
DEBUG:parso.python.diff:-> code[equal] old[1:4] new[1:4]
DEBUG:parso.python.diff:parse_part from 1 to 7 (to 6 in part parser)
DEBUG:parso.python.diff:-> code[replace] old[5:5] new[5:7]
DEBUG:parso.python.diff:diff parser end
DEBUG:parso.python.diff:diff parser start
DEBUG:parso.python.diff:line_lengths old: 7; new: 7
DEBUG:parso.python.diff:-> code[equal] old[1:6] new[1:6]
DEBUG:parso.python.diff:parse_part from 1 to 7 (to 6 in part parser)
DEBUG:parso.python.diff:-> code[replace] old[7:7] new[7:7]
DEBUG:parso.python.diff:diff parser end
DEBUG:parso.python.diff:diff parser start
DEBUG:parso.python.diff:line_lengths old: 7; new: 7
DEBUG:parso.python.diff:-> code[equal] old[1:6] new[1:6]
DEBUG:parso.python.diff:parse_part from 1 to 7 (to 6 in part parser)
DEBUG:parso.python.diff:-> code[replace] old[7:7] new[7:7]
DEBUG:parso.python.diff:diff parser end
DEBUG:parso.python.diff:diff parser start
DEBUG:parso.python.diff:line_lengths old: 7; new: 7
DEBUG:parso.python.diff:-> code[equal] old[1:6] new[1:6]
DEBUG:parso.python.diff:parse_part from 1 to 7 (to 6 in part parser)
DEBUG:parso.python.diff:-> code[replace] old[7:7] new[7:7]
DEBUG:parso.python.diff:diff parser end
DEBUG:parso.python.diff:diff parser start
DEBUG:parso.python.diff:line_lengths old: 7; new: 11
DEBUG:parso.python.diff:-> code[equal] old[1:6] new[1:6]
DEBUG:parso.python.diff:parse_part from 1 to 11 (to 10 in part parser)
DEBUG:parso.python.diff:-> code[replace] old[7:7] new[7:11]
DEBUG:parso.python.diff:diff parser end
DEBUG:parso.python.diff:diff parser start
DEBUG:parso.python.diff:line_lengths old: 11; new: 11
DEBUG:parso.python.diff:-> code[equal] old[1:10] new[1:10]
DEBUG:parso.python.diff:parse_part from 1 to 11 (to 10 in part parser)
DEBUG:parso.python.diff:-> code[replace] old[11:11] new[11:11]
DEBUG:parso.python.diff:diff parser end
DEBUG:parso.python.diff:diff parser start
DEBUG:parso.python.diff:line_lengths old: 11; new: 11
DEBUG:parso.python.diff:-> code[equal] old[1:10] new[1:10]
DEBUG:parso.python.diff:parse_part from 1 to 11 (to 10 in part parser)
DEBUG:parso.python.diff:-> code[replace] old[11:11] new[11:11]
DEBUG:parso.python.diff:diff parser end
DEBUG:parso.python.diff:diff parser start
DEBUG:parso.python.diff:line_lengths old: 11; new: 11
DEBUG:parso.python.diff:-> code[equal] old[1:10] new[1:10]
DEBUG:parso.python.diff:parse_part from 1 to 11 (to 10 in part parser)
DEBUG:parso.python.diff:-> code[replace] old[11:11] new[11:11]
DEBUG:parso.python.diff:diff parser end
DEBUG:parso.python.diff:diff parser start
DEBUG:parso.python.diff:line_lengths old: 11; new: 16
DEBUG:parso.python.diff:-> code[equal] old[1:9] new[1:9]
DEBUG:parso.python.diff:parse_part from 1 to 16 (to 15 in part parser)
DEBUG:parso.python.diff:-> code[replace] old[10:11] new[10:16]
DEBUG:parso.python.diff:diff parser end
DEBUG:parso.python.diff:diff parser start
DEBUG:parso.python.diff:line_lengths old: 16; new: 1
DEBUG:parso.python.diff:-> code[replace] old[1:16] new[1:1]
DEBUG:parso.python.diff:parse_part from 1 to 1 (to 0 in part parser)
DEBUG:parso.python.diff:diff parser end
DEBUG:parso.cache:pickle loaded: C:\Users\yash mohite\AppData\Local\Programs\Python\Python310\lib\typing.py
DEBUG:parso.cache:pickle loaded: C:\Users\yash mohite\AppData\Local\Programs\Python\Python310\lib\site-packages\jedi\third_party\typeshed\stdlib\3\typing.pyi
DEBUG:parso.python.diff:diff parser start
DEBUG:parso.python.diff:line_lengths old: 1; new: 1
DEBUG:parso.python.diff:-> code[replace] old[1:1] new[1:1]
DEBUG:parso.python.diff:parse_part from 1 to 1 (to 0 in part parser)
DEBUG:parso.python.diff:diff parser end
DEBUG:parso.python.diff:diff parser start
DEBUG:parso.python.diff:line_lengths old: 1; new: 1
DEBUG:parso.python.diff:-> code[replace] old[1:1] new[1:1]
DEBUG:parso.python.diff:parse_part from 1 to 1 (to 0 in part parser)
DEBUG:parso.python.diff:diff parser end
DEBUG:parso.python.diff:diff parser start
DEBUG:parso.python.diff:line_lengths old: 1; new: 3
DEBUG:parso.python.diff:-> code[replace] old[1:1] new[1:3]
DEBUG:parso.python.diff:parse_part from 1 to 3 (to 2 in part parser)
DEBUG:parso.python.diff:diff parser end
DEBUG:parso.python.diff:diff parser start
DEBUG:parso.python.diff:line_lengths old: 3; new: 3
DEBUG:parso.python.diff:-> code[equal] old[1:2] new[1:2]
DEBUG:parso.python.diff:copy old[1:1] new[1:1]
DEBUG:parso.python.diff:parse_part from 2 to 3 (to 2 in part parser)
DEBUG:parso.python.diff:-> code[replace] old[3:3] new[3:3]
DEBUG:parso.python.diff:diff parser end
DEBUG:parso.python.diff:diff parser start
DEBUG:parso.python.diff:line_lengths old: 3; new: 3
DEBUG:parso.python.diff:-> code[equal] old[1:2] new[1:2]
DEBUG:parso.python.diff:copy old[1:1] new[1:1]
DEBUG:parso.python.diff:parse_part from 2 to 3 (to 2 in part parser)
DEBUG:parso.python.diff:-> code[replace] old[3:3] new[3:3]
DEBUG:parso.python.diff:diff parser end
DEBUG:parso.python.diff:diff parser start
DEBUG:parso.python.diff:line_lengths old: 3; new: 3
DEBUG:parso.python.diff:-> code[equal] old[1:2] new[1:2]
DEBUG:parso.python.diff:copy old[1:1] new[1:1]
DEBUG:parso.python.diff:parse_part from 2 to 3 (to 2 in part parser)
DEBUG:parso.python.diff:-> code[replace] old[3:3] new[3:3]
DEBUG:parso.python.diff:diff parser end
DEBUG:parso.python.diff:diff parser start
DEBUG:parso.python.diff:line_lengths old: 3; new: 8
DEBUG:parso.python.diff:-> code[equal] old[1:2] new[1:2]
DEBUG:parso.python.diff:copy old[1:1] new[1:1]
DEBUG:parso.python.diff:parse_part from 2 to 3 (to 5 in part parser)
DEBUG:parso.python.diff:-> code[replace] old[3:3] new[3:8]
DEBUG:parso.python.diff:parse_part from 4 to 8 (to 7 in part parser)
DEBUG:parso.python.diff:diff parser end
DEBUG:parso.python.diff:diff parser start
DEBUG:parso.python.diff:line_lengths old: 8; new: 8
DEBUG:parso.python.diff:-> code[equal] old[1:7] new[1:7]
DEBUG:parso.python.diff:copy old[1:3] new[1:3]
DEBUG:parso.python.diff:parse_part from 4 to 5 (to 5 in part parser)
DEBUG:parso.python.diff:parse_part from 6 to 8 (to 7 in part parser)
DEBUG:parso.python.diff:-> code[replace] old[8:8] new[8:8]
DEBUG:parso.python.diff:diff parser end
DEBUG:parso.python.diff:diff parser start
DEBUG:parso.python.diff:line_lengths old: 8; new: 11
DEBUG:parso.python.diff:-> code[equal] old[1:7] new[1:7]
DEBUG:parso.python.diff:copy old[1:3] new[1:3]
DEBUG:parso.python.diff:parse_part from 4 to 5 (to 5 in part parser)
DEBUG:parso.python.diff:parse_part from 6 to 11 (to 10 in part parser)
DEBUG:parso.python.diff:-> code[replace] old[8:8] new[8:11]
DEBUG:parso.python.diff:diff parser end
DEBUG:parso.python.diff:diff parser start
DEBUG:parso.python.diff:line_lengths old: 11; new: 11
DEBUG:parso.python.diff:-> code[equal] old[1:10] new[1:10]
DEBUG:parso.python.diff:copy old[1:3] new[1:3]
DEBUG:parso.python.diff:parse_part from 4 to 5 (to 5 in part parser)
DEBUG:parso.python.diff:parse_part from 6 to 11 (to 10 in part parser)
DEBUG:parso.python.diff:-> code[replace] old[11:11] new[11:11]
DEBUG:parso.python.diff:diff parser end
DEBUG:parso.python.diff:diff parser start
DEBUG:parso.python.diff:line_lengths old: 11; new: 14
DEBUG:parso.python.diff:-> code[equal] old[1:10] new[1:10]
DEBUG:parso.python.diff:copy old[1:3] new[1:3]
DEBUG:parso.python.diff:parse_part from 4 to 5 (to 5 in part parser)
DEBUG:parso.python.diff:parse_part from 6 to 14 (to 13 in part parser)
DEBUG:parso.python.diff:-> code[replace] old[11:11] new[11:14]
DEBUG:parso.python.diff:diff parser end
DEBUG:parso.python.diff:diff parser start
DEBUG:parso.python.diff:line_lengths old: 14; new: 14
DEBUG:parso.python.diff:-> code[equal] old[1:13] new[1:13]
DEBUG:parso.python.diff:copy old[1:3] new[1:3]
DEBUG:parso.python.diff:parse_part from 4 to 5 (to 5 in part parser)
DEBUG:parso.python.diff:parse_part from 6 to 14 (to 13 in part parser)
DEBUG:parso.python.diff:-> code[replace] old[14:14] new[14:14]
DEBUG:parso.python.diff:diff parser end
DEBUG:parso.python.diff:diff parser start
DEBUG:parso.python.diff:line_lengths old: 14; new: 14
DEBUG:parso.python.diff:-> code[equal] old[1:13] new[1:13]
DEBUG:parso.python.diff:copy old[1:3] new[1:3]
DEBUG:parso.python.diff:parse_part from 4 to 5 (to 5 in part parser)
DEBUG:parso.python.diff:parse_part from 6 to 14 (to 13 in part parser)
DEBUG:parso.python.diff:-> code[replace] old[14:14] new[14:14]
DEBUG:parso.python.diff:diff parser end
DEBUG:parso.python.diff:diff parser start
DEBUG:parso.python.diff:line_lengths old: 14; new: 17
DEBUG:parso.python.diff:-> code[equal] old[1:13] new[1:13]
DEBUG:parso.python.diff:copy old[1:3] new[1:3]
DEBUG:parso.python.diff:parse_part from 4 to 5 (to 5 in part parser)
DEBUG:parso.python.diff:parse_part from 6 to 17 (to 16 in part parser)
DEBUG:parso.python.diff:-> code[replace] old[14:14] new[14:17]
DEBUG:parso.python.diff:diff parser end
DEBUG:parso.python.diff:diff parser start
DEBUG:parso.python.diff:line_lengths old: 17; new: 17
DEBUG:parso.python.diff:-> code[equal] old[1:16] new[1:16]
DEBUG:parso.python.diff:copy old[1:3] new[1:3]
DEBUG:parso.python.diff:parse_part from 4 to 5 (to 5 in part parser)
DEBUG:parso.python.diff:parse_part from 6 to 17 (to 16 in part parser)
DEBUG:parso.python.diff:-> code[replace] old[17:17] new[17:17]
DEBUG:parso.python.diff:diff parser end
DEBUG:parso.python.diff:diff parser start
DEBUG:parso.python.diff:line_lengths old: 17; new: 17
DEBUG:parso.python.diff:-> code[equal] old[1:16] new[1:16]
DEBUG:parso.python.diff:copy old[1:3] new[1:3]
DEBUG:parso.python.diff:parse_part from 4 to 5 (to 5 in part parser)
DEBUG:parso.python.diff:parse_part from 6 to 17 (to 16 in part parser)
DEBUG:parso.python.diff:-> code[replace] old[17:17] new[17:17]
DEBUG:parso.python.diff:diff parser end
DEBUG:parso.python.diff:diff parser start
DEBUG:parso.python.diff:line_lengths old: 17; new: 20
DEBUG:parso.python.diff:-> code[equal] old[1:16] new[1:16]
DEBUG:parso.python.diff:copy old[1:3] new[1:3]
DEBUG:parso.python.diff:parse_part from 4 to 5 (to 5 in part parser)
DEBUG:parso.python.diff:parse_part from 6 to 20 (to 19 in part parser)
DEBUG:parso.python.diff:-> code[replace] old[17:17] new[17:20]
DEBUG:parso.python.diff:diff parser end
DEBUG:parso.python.diff:diff parser start
DEBUG:parso.python.diff:line_lengths old: 20; new: 20
DEBUG:parso.python.diff:-> code[equal] old[1:19] new[1:19]
DEBUG:parso.python.diff:copy old[1:3] new[1:3]
DEBUG:parso.python.diff:parse_part from 4 to 5 (to 5 in part parser)
DEBUG:parso.python.diff:parse_part from 6 to 20 (to 19 in part parser)
DEBUG:parso.python.diff:-> code[replace] old[20:20] new[20:20]
DEBUG:parso.python.diff:diff parser end
DEBUG:root:check the name alphabets
DEBUG:parso.python.diff:diff parser start
DEBUG:parso.python.diff:line_lengths old: 20; new: 1
DEBUG:parso.python.diff:-> code[replace] old[1:20] new[1:1]
DEBUG:parso.python.diff:parse_part from 1 to 1 (to 0 in part parser)
DEBUG:parso.python.diff:diff parser end
DEBUG:root:failde all check
DEBUG:root:check the name alphabets
DEBUG:root:check the name alphabets
DEBUG:parso.python.diff:diff parser start
DEBUG:parso.python.diff:line_lengths old: 1; new: 3
DEBUG:parso.python.diff:-> code[replace] old[1:1] new[1:3]
DEBUG:parso.python.diff:parse_part from 1 to 3 (to 2 in part parser)
DEBUG:parso.python.diff:diff parser end
DEBUG:root:check the name alphabets
DEBUG:root:failde all check
DEBUG:root:check the name alphabets
DEBUG:root:check the name alphabets
DEBUG:root:57
INFO:root:-33
WARNING:root:540
CRITICAL:root:0.26666666666666666
DEBUG:root:check the name alphabets
DEBUG:root:failde all check
DEBUG:root:check the name alphabets
DEBUG:root:check the name alphabets
DEBUG:root:57
INFO:root:-33
WARNING:root:540
CRITICAL:root:0.26666666666666666
DEBUG:root:check the name alphabets
DEBUG:root:failde all check
DEBUG:root:check the name alphabets
DEBUG:root:check the name alphabets
DEBUG:parso.cache:pickle loaded: C:\Users\yash mohite\AppData\Local\Programs\Python\Python310\lib\logging\__init__.py
DEBUG:parso.cache:pickle loaded: C:\Users\yash mohite\AppData\Local\Programs\Python\Python310\lib\site-packages\jedi\third_party\typeshed\stdlib\2and3\logging\__init__.pyi
DEBUG:parso.cache:pickle loaded: C:\Users\yash mohite\AppData\Local\Programs\Python\Python310\lib\site-packages\jedi\third_party\typeshed\stdlib\3\builtins.pyi
DEBUG:parso.cache:pickle loaded: C:\Users\yash mohite\AppData\Local\Programs\Python\Python310\lib\site-packages\jedi\third_party\typeshed\stdlib\3\sys.pyi
DEBUG:parso.python.diff:diff parser start
DEBUG:parso.python.diff:line_lengths old: 3; new: 3
DEBUG:parso.python.diff:-> code[equal] old[1:2] new[1:2]
DEBUG:parso.python.diff:copy old[1:1] new[1:1]
DEBUG:parso.python.diff:parse_part from 2 to 3 (to 2 in part parser)
DEBUG:parso.python.diff:-> code[replace] old[3:3] new[3:3]
DEBUG:parso.python.diff:diff parser end
